<?xml version="1.0" encoding="UTF-8"?>
<!-- Generated by org.testng.reporters.JUnitReportReporter -->
<testsuite hostname="mds-MacBook-Pro.local" failures="0" tests="1" name="TestCases.ElementVerification" time="6.018" errors="0" timestamp="03 Mar 2019 15:35:00 GMT" skipped="0">
  <testcase classname="TestCases.ElementVerification" name="userAbleToValidateUserNameInputField" time="6.018"/>
</testsuite> <!-- TestCases.ElementVerification -->
