<?xml version="1.0" encoding="UTF-8"?>
<!-- Generated by org.testng.reporters.JUnitReportReporter -->
<testsuite hostname="mds-MacBook-Pro.local" failures="0" tests="2" name="TestCases.SignInTest" time="3.446" errors="0" timestamp="03 Mar 2019 15:12:03 GMT" skipped="0">
  <testcase classname="TestCases.SignInTest" name="userAbleToSignIn" time="1.920"/>
  <testcase classname="TestCases.SignInTest" name="userAbleToSignIn" time="1.526"/>
</testsuite> <!-- TestCases.SignInTest -->
