<?xml version="1.0" encoding="UTF-8"?>
<!-- Generated by org.testng.reporters.JUnitReportReporter -->
<testsuite hostname="mds-MacBook-Pro.local" failures="0" tests="1" name="TestCases.UserAbleToValidateUserNameInputField" time="11.975" errors="0" timestamp="10 Feb 2019 15:11:52 GMT" skipped="0">
  <testcase classname="TestCases.UserAbleToValidateUserNameInputField" name="userAbleToValidateUserNameInputField" time="11.975"/>
</testsuite> <!-- TestCases.UserAbleToValidateUserNameInputField -->
