<?xml version="1.0" encoding="UTF-8"?>
<!-- Generated by org.testng.reporters.JUnitReportReporter -->
<testsuite hostname="mds-MacBook-Pro.local" failures="0" tests="1" name="TestCases.CompareDropDownListElments" time="4.309" errors="0" timestamp="10 Feb 2019 13:46:49 GMT" skipped="0">
  <testcase classname="TestCases.CompareDropDownListElments" name="testUntitled" time="4.309"/>
</testsuite> <!-- TestCases.CompareDropDownListElments -->
