<?xml version="1.0" encoding="UTF-8"?>
<!-- Generated by org.testng.reporters.JUnitReportReporter -->
<testsuite hostname="mds-MacBook-Pro.local" failures="0" tests="1" name="TestCases.UserAbleToClickOnAddToCard" time="13.264" errors="0" timestamp="23 Feb 2019 15:25:37 GMT" skipped="0">
  <testcase classname="TestCases.UserAbleToClickOnAddToCard" name="userAbleToClickOnAddToCard" time="13.264"/>
</testsuite> <!-- TestCases.UserAbleToClickOnAddToCard -->
